<?xml version="1.0" encoding="UTF-8"?>
<robot generator="Robot 7.1.1 (Python 3.11.5 on win32)" generated="2025-01-14T21:31:57.355679" rpa="false" schemaversion="5">
<suite id="s1" name="Login" source="c:\Zati\Automation\robotorange-1\login.robot">
<test id="s1-t1" name="Login Invalid" line="52">
<kw name="Invalid Login">
<kw name="Open Browser" owner="SeleniumLibrary">
<msg time="2025-01-14T21:31:57.602822" level="INFO">Opening browser 'chrome' to base url 'https://opensource-demo.orangehrmlive.com/'.</msg>
<arg>${BASE_URL}</arg>
<arg>chrome</arg>
<doc>Opens a new browser instance to the optional ``url``.</doc>
<status status="PASS" start="2025-01-14T21:31:57.602822" elapsed="5.618789"/>
</kw>
<kw name="Wait Until Element Is Visible" owner="SeleniumLibrary">
<arg>${USERNAME}</arg>
<doc>Waits until the element ``locator`` is visible.</doc>
<status status="PASS" start="2025-01-14T21:32:03.221611" elapsed="2.970487"/>
</kw>
<kw name="Input Text" owner="SeleniumLibrary">
<msg time="2025-01-14T21:32:06.193099" level="INFO">Typing text 'musyafairfan1000@gmail.com' into text field 'name=username'.</msg>
<arg>${USERNAME}</arg>
<arg>musyafairfan1000@gmail.com</arg>
<doc>Types the given ``text`` into the text field identified by ``locator``.</doc>
<status status="PASS" start="2025-01-14T21:32:06.193099" elapsed="0.212533"/>
</kw>
<kw name="Input Password" owner="SeleniumLibrary">
<msg time="2025-01-14T21:32:06.406672" level="INFO">Typing password into text field 'name=password'.</msg>
<msg time="2025-01-14T21:32:06.465140" level="INFO">Temporally setting log level to: NONE</msg>
<arg>${PASSWORD}</arg>
<arg>111!</arg>
<doc>Types the given password into the text field identified by ``locator``.</doc>
<status status="PASS" start="2025-01-14T21:32:06.405632" elapsed="0.131777"/>
</kw>
<kw name="Click Button" owner="SeleniumLibrary">
<msg time="2025-01-14T21:32:06.538424" level="INFO">Clicking button 'css=.oxd-button'.</msg>
<arg>${LOGIN_BUTTON}</arg>
<doc>Clicks the button identified by ``locator``.</doc>
<status status="PASS" start="2025-01-14T21:32:06.537409" elapsed="0.083632"/>
</kw>
<kw name="Wait Until Element Is Visible" owner="SeleniumLibrary">
<arg>${ERROR_MESSAGE}</arg>
<doc>Waits until the element ``locator`` is visible.</doc>
<status status="PASS" start="2025-01-14T21:32:06.621041" elapsed="1.598370"/>
</kw>
<status status="PASS" start="2025-01-14T21:31:57.601875" elapsed="10.618538"/>
</kw>
<tag>InvalidCredentialsLogin</tag>
<status status="PASS" start="2025-01-14T21:31:57.600867" elapsed="10.619546"/>
</test>
<status status="PASS" start="2025-01-14T21:31:57.358730" elapsed="10.864681"/>
</suite>
<statistics>
<total>
<stat pass="1" fail="0" skip="0">All Tests</stat>
</total>
<tag>
<stat pass="1" fail="0" skip="0">InvalidCredentialsLogin</stat>
</tag>
<suite>
<stat pass="1" fail="0" skip="0" id="s1" name="Login">Login</stat>
</suite>
</statistics>
<errors>
</errors>
</robot>
